MathApp/app/build/intermediates/manifest_merge_blame_file/debug/processDebugMainManifest/manifest-merger-blame-debug-report.txt
1<?xml version="1.0" encoding="utf-8"?>
2<manifest xmlns:android="http://schemas.android.com/apk/res/android"
3    package="com.example.mathapp"
4    android:versionCode="1"
5    android:versionName="1.0" >
6
7    <uses-sdk
8        android:minSdkVersion="26"
9        android:targetSdkVersion="35" />
10
11    <uses-permission android:name="android.permission.INTERNET" />
11-->src\main\AndroidManifest.xml:4:5-66
11-->src\main\AndroidManifest.xml:4:22-64
12
13    <!-- Although the *SdkVersion is captured in gradle build files, this is required for non gradle builds -->
14    <!-- <uses-sdk android:minSdkVersion="21"/> -->
15    <uses-permission android:name="android.permission.ACCESS_NETWORK_STATE" />
15-->[com.google.firebase:firebase-storage:21.0.2] AndroidManifest.xml:23:5-79
15-->[com.google.firebase:firebase-storage:21.0.2] AndroidManifest.xml:23:22-76
16
17    <permission
17-->[androidx.core:core:1.16.0] AndroidManifest.xml:22:5-24:47
18        android:name="com.example.mathapp.DYNAMIC_RECEIVER_NOT_EXPORTED_PERMISSION"
18-->[androidx.core:core:1.16.0] AndroidManifest.xml:23:9-81
19        android:protectionLevel="signature" />
19-->[androidx.core:core:1.16.0] AndroidManifest.xml:24:9-44
20
21    <uses-permission android:name="com.example.mathapp.DYNAMIC_RECEIVER_NOT_EXPORTED_PERMISSION" />
21-->[androidx.core:core:1.16.0] AndroidManifest.xml:26:5-97
21-->[androidx.core:core:1.16.0] AndroidManifest.xml:26:22-94
22
23    <application
23-->src\main\AndroidManifest.xml:6:5-28:19
24        android:name="com.example.mathapp.MyApp"
24-->src\main\AndroidManifest.xml:7:9-30
25        android:allowBackup="true"
25-->src\main\AndroidManifest.xml:8:9-35
26        android:appComponentFactory="androidx.core.app.CoreComponentFactory"
26-->[androidx.core:core:1.16.0] AndroidManifest.xml:28:18-86
27        android:dataExtractionRules="@xml/data_extraction_rules"
27-->src\main\AndroidManifest.xml:9:9-65
28        android:debuggable="true"
29        android:extractNativeLibs="false"
30        android:fullBackupContent="@xml/backup_rules"
30-->src\main\AndroidManifest.xml:10:9-54
31        android:icon="@mipmap/ic_launcher"
31-->src\main\AndroidManifest.xml:11:9-43
32        android:label="@string/app_name"
32-->src\main\AndroidManifest.xml:12:9-41
33        android:roundIcon="@mipmap/ic_launcher_round"
33-->src\main\AndroidManifest.xml:13:9-54
34        android:supportsRtl="true"
34-->src\main\AndroidManifest.xml:14:9-35
35        android:testOnly="true"
36        android:theme="@style/Theme.MathApp" >
36-->src\main\AndroidManifest.xml:15:9-45
37        <activity
37-->src\main\AndroidManifest.xml:17:9-27:20
38            android:name="com.example.mathapp.MainActivity"
38-->src\main\AndroidManifest.xml:18:13-41
39            android:exported="true"
39-->src\main\AndroidManifest.xml:19:13-36
40            android:label="@string/app_name"
40-->src\main\AndroidManifest.xml:20:13-45
41            android:theme="@style/Theme.MathApp" >
41-->src\main\AndroidManifest.xml:21:13-49
42            <intent-filter>
42-->src\main\AndroidManifest.xml:22:13-26:29
43                <action android:name="android.intent.action.MAIN" />
43-->src\main\AndroidManifest.xml:23:17-69
43-->src\main\AndroidManifest.xml:23:25-66
44
45                <category android:name="android.intent.category.LAUNCHER" />
45-->src\main\AndroidManifest.xml:25:17-77
45-->src\main\AndroidManifest.xml:25:27-74
46            </intent-filter>
47        </activity>
48
49        <service
49-->[com.google.firebase:firebase-storage:21.0.2] AndroidManifest.xml:27:9-36:19
50            android:name="com.google.firebase.components.ComponentDiscoveryService"
50-->[com.google.firebase:firebase-storage:21.0.2] AndroidManifest.xml:28:13-84
51            android:directBootAware="true"
51-->[com.google.firebase:firebase-common:22.0.0] AndroidManifest.xml:32:13-43
52            android:exported="false" >
52-->[com.google.firebase:firebase-storage:21.0.2] AndroidManifest.xml:29:13-37
53            <meta-data
53-->[com.google.firebase:firebase-storage:21.0.2] AndroidManifest.xml:30:13-32:85
54                android:name="com.google.firebase.components:com.google.firebase.storage.FirebaseStorageKtxRegistrar"
54-->[com.google.firebase:firebase-storage:21.0.2] AndroidManifest.xml:31:17-118
55                android:value="com.google.firebase.components.ComponentRegistrar" />
55-->[com.google.firebase:firebase-storage:21.0.2] AndroidManifest.xml:32:17-82
56            <meta-data
56-->[com.google.firebase:firebase-storage:21.0.2] AndroidManifest.xml:33:13-35:85
57                android:name="com.google.firebase.components:com.google.firebase.storage.StorageRegistrar"
57-->[com.google.firebase:firebase-storage:21.0.2] AndroidManifest.xml:34:17-107
58                android:value="com.google.firebase.components.ComponentRegistrar" />
58-->[com.google.firebase:firebase-storage:21.0.2] AndroidManifest.xml:35:17-82
59            <meta-data
59-->[com.google.firebase:firebase-database:21.0.0] AndroidManifest.xml:29:13-31:85
60                android:name="com.google.firebase.components:com.google.firebase.database.FirebaseDatabaseKtxRegistrar"
60-->[com.google.firebase:firebase-database:21.0.0] AndroidManifest.xml:30:17-120
61                android:value="com.google.firebase.components.ComponentRegistrar" />
61-->[com.google.firebase:firebase-database:21.0.0] AndroidManifest.xml:31:17-82
62            <meta-data
62-->[com.google.firebase:firebase-database:21.0.0] AndroidManifest.xml:32:13-34:85
63                android:name="com.google.firebase.components:com.google.firebase.database.DatabaseRegistrar"
63-->[com.google.firebase:firebase-database:21.0.0] AndroidManifest.xml:33:17-109
64                android:value="com.google.firebase.components.ComponentRegistrar" />
64-->[com.google.firebase:firebase-database:21.0.0] AndroidManifest.xml:34:17-82
65            <meta-data
65-->[com.google.firebase:firebase-appcheck:17.1.0] AndroidManifest.xml:25:13-27:85
66                android:name="com.google.firebase.components:com.google.firebase.appcheck.FirebaseAppCheckKtxRegistrar"
66-->[com.google.firebase:firebase-appcheck:17.1.0] AndroidManifest.xml:26:17-120
67                android:value="com.google.firebase.components.ComponentRegistrar" />
67-->[com.google.firebase:firebase-appcheck:17.1.0] AndroidManifest.xml:27:17-82
68            <meta-data
68-->[com.google.firebase:firebase-appcheck:17.1.0] AndroidManifest.xml:28:13-30:85
69                android:name="com.google.firebase.components:com.google.firebase.appcheck.FirebaseAppCheckRegistrar"
69-->[com.google.firebase:firebase-appcheck:17.1.0] AndroidManifest.xml:29:17-117
70                android:value="com.google.firebase.components.ComponentRegistrar" />
70-->[com.google.firebase:firebase-appcheck:17.1.0] AndroidManifest.xml:30:17-82
71            <meta-data
71-->[com.google.firebase:firebase-ai:17.0.0] AndroidManifest.xml:31:13-33:85
72                android:name="com.google.firebase.components:com.google.firebase.ai.FirebaseAIRegistrar"
72-->[com.google.firebase:firebase-ai:17.0.0] AndroidManifest.xml:32:17-105
73                android:value="com.google.firebase.components.ComponentRegistrar" />
73-->[com.google.firebase:firebase-ai:17.0.0] AndroidManifest.xml:33:17-82
74            <meta-data
74-->[com.google.firebase:firebase-common-ktx:21.0.0] AndroidManifest.xml:12:13-14:85
75                android:name="com.google.firebase.components:com.google.firebase.ktx.FirebaseCommonLegacyRegistrar"
75-->[com.google.firebase:firebase-common-ktx:21.0.0] AndroidManifest.xml:13:17-116
76                android:value="com.google.firebase.components.ComponentRegistrar" />
76-->[com.google.firebase:firebase-common-ktx:21.0.0] AndroidManifest.xml:14:17-82
77            <meta-data
77-->[com.google.firebase:firebase-common:22.0.0] AndroidManifest.xml:35:13-37:85
78                android:name="com.google.firebase.components:com.google.firebase.FirebaseCommonKtxRegistrar"
78-->[com.google.firebase:firebase-common:22.0.0] AndroidManifest.xml:36:17-109
79                android:value="com.google.firebase.components.ComponentRegistrar" />
79-->[com.google.firebase:firebase-common:22.0.0] AndroidManifest.xml:37:17-82
80        </service>
81
82        <activity
82-->[com.google.android.gms:play-services-base:18.1.0] AndroidManifest.xml:20:9-22:45
83            android:name="com.google.android.gms.common.api.GoogleApiActivity"
83-->[com.google.android.gms:play-services-base:18.1.0] AndroidManifest.xml:20:19-85
84            android:exported="false"
84-->[com.google.android.gms:play-services-base:18.1.0] AndroidManifest.xml:22:19-43
85            android:theme="@android:style/Theme.Translucent.NoTitleBar" />
85-->[com.google.android.gms:play-services-base:18.1.0] AndroidManifest.xml:21:19-78
86
87        <provider
87-->[com.google.firebase:firebase-common:22.0.0] AndroidManifest.xml:23:9-28:39
88            android:name="com.google.firebase.provider.FirebaseInitProvider"
88-->[com.google.firebase:firebase-common:22.0.0] AndroidManifest.xml:24:13-77
89            android:authorities="com.example.mathapp.firebaseinitprovider"
89-->[com.google.firebase:firebase-common:22.0.0] AndroidManifest.xml:25:13-72
90            android:directBootAware="true"
90-->[com.google.firebase:firebase-common:22.0.0] AndroidManifest.xml:26:13-43
91            android:exported="false"
91-->[com.google.firebase:firebase-common:22.0.0] AndroidManifest.xml:27:13-37
92            android:initOrder="100" />
92-->[com.google.firebase:firebase-common:22.0.0] AndroidManifest.xml:28:13-36
93
94        <activity
94-->[androidx.compose.ui:ui-test-manifest:1.7.8] AndroidManifest.xml:23:9-25:39
95            android:name="androidx.activity.ComponentActivity"
95-->[androidx.compose.ui:ui-test-manifest:1.7.8] AndroidManifest.xml:24:13-63
96            android:exported="true" />
96-->[androidx.compose.ui:ui-test-manifest:1.7.8] AndroidManifest.xml:25:13-36
97        <activity
97-->[androidx.compose.ui:ui-tooling-android:1.7.8] AndroidManifest.xml:23:9-25:39
98            android:name="androidx.compose.ui.tooling.PreviewActivity"
98-->[androidx.compose.ui:ui-tooling-android:1.7.8] AndroidManifest.xml:24:13-71
99            android:exported="true" />
99-->[androidx.compose.ui:ui-tooling-android:1.7.8] AndroidManifest.xml:25:13-36
100
101        <provider
101-->[androidx.emoji2:emoji2:1.3.0] AndroidManifest.xml:24:9-32:20
102            android:name="androidx.startup.InitializationProvider"
102-->[androidx.emoji2:emoji2:1.3.0] AndroidManifest.xml:25:13-67
103            android:authorities="com.example.mathapp.androidx-startup"
103-->[androidx.emoji2:emoji2:1.3.0] AndroidManifest.xml:26:13-68
104            android:exported="false" >
104-->[androidx.emoji2:emoji2:1.3.0] AndroidManifest.xml:27:13-37
105            <meta-data
105-->[androidx.emoji2:emoji2:1.3.0] AndroidManifest.xml:29:13-31:52
106                android:name="androidx.emoji2.text.EmojiCompatInitializer"
106-->[androidx.emoji2:emoji2:1.3.0] AndroidManifest.xml:30:17-75
107                android:value="androidx.startup" />
107-->[androidx.emoji2:emoji2:1.3.0] AndroidManifest.xml:31:17-49
108            <meta-data
108-->[androidx.lifecycle:lifecycle-process:2.9.1] AndroidManifest.xml:29:13-31:52
109                android:name="androidx.lifecycle.ProcessLifecycleInitializer"
109-->[androidx.lifecycle:lifecycle-process:2.9.1] AndroidManifest.xml:30:17-78
110                android:value="androidx.startup" />
110-->[androidx.lifecycle:lifecycle-process:2.9.1] AndroidManifest.xml:31:17-49
111            <meta-data
111-->[androidx.profileinstaller:profileinstaller:1.4.0] AndroidManifest.xml:29:13-31:52
112                android:name="androidx.profileinstaller.ProfileInstallerInitializer"
112-->[androidx.profileinstaller:profileinstaller:1.4.0] AndroidManifest.xml:30:17-85
113                android:value="androidx.startup" />
113-->[androidx.profileinstaller:profileinstaller:1.4.0] AndroidManifest.xml:31:17-49
114        </provider>
115
116        <receiver
116-->[androidx.profileinstaller:profileinstaller:1.4.0] AndroidManifest.xml:34:9-52:20
117            android:name="androidx.profileinstaller.ProfileInstallReceiver"
117-->[androidx.profileinstaller:profileinstaller:1.4.0] AndroidManifest.xml:35:13-76
118            android:directBootAware="false"
118-->[androidx.profileinstaller:profileinstaller:1.4.0] AndroidManifest.xml:36:13-44
119            android:enabled="true"
119-->[androidx.profileinstaller:profileinstaller:1.4.0] AndroidManifest.xml:37:13-35
120            android:exported="true"
120-->[androidx.profileinstaller:profileinstaller:1.4.0] AndroidManifest.xml:38:13-36
121            android:permission="android.permission.DUMP" >
121-->[androidx.profileinstaller:profileinstaller:1.4.0] AndroidManifest.xml:39:13-57
122            <intent-filter>
122-->[androidx.profileinstaller:profileinstaller:1.4.0] AndroidManifest.xml:40:13-42:29
123                <action android:name="androidx.profileinstaller.action.INSTALL_PROFILE" />
123-->[androidx.profileinstaller:profileinstaller:1.4.0] AndroidManifest.xml:41:17-91
123-->[androidx.profileinstaller:profileinstaller:1.4.0] AndroidManifest.xml:41:25-88
124            </intent-filter>
125            <intent-filter>
125-->[androidx.profileinstaller:profileinstaller:1.4.0] AndroidManifest.xml:43:13-45:29
126                <action android:name="androidx.profileinstaller.action.SKIP_FILE" />
126-->[androidx.profileinstaller:profileinstaller:1.4.0] AndroidManifest.xml:44:17-85
126-->[androidx.profileinstaller:profileinstaller:1.4.0] AndroidManifest.xml:44:25-82
127            </intent-filter>
128            <intent-filter>
128-->[androidx.profileinstaller:profileinstaller:1.4.0] AndroidManifest.xml:46:13-48:29
129                <action android:name="androidx.profileinstaller.action.SAVE_PROFILE" />
129-->[androidx.profileinstaller:profileinstaller:1.4.0] AndroidManifest.xml:47:17-88
129-->[androidx.profileinstaller:profileinstaller:1.4.0] AndroidManifest.xml:47:25-85
130            </intent-filter>
131            <intent-filter>
131-->[androidx.profileinstaller:profileinstaller:1.4.0] AndroidManifest.xml:49:13-51:29
132                <action android:name="androidx.profileinstaller.action.BENCHMARK_OPERATION" />
132-->[androidx.profileinstaller:profileinstaller:1.4.0] AndroidManifest.xml:50:17-95
132-->[androidx.profileinstaller:profileinstaller:1.4.0] AndroidManifest.xml:50:25-92
133            </intent-filter>
134        </receiver>
135
136        <meta-data
136-->[com.google.android.gms:play-services-basement:18.3.0] AndroidManifest.xml:21:9-23:69
137            android:name="com.google.android.gms.version"
137-->[com.google.android.gms:play-services-basement:18.3.0] AndroidManifest.xml:22:13-58
138            android:value="@integer/google_play_services_version" />
138-->[com.google.android.gms:play-services-basement:18.3.0] AndroidManifest.xml:23:13-66
139    </application>
140
141</manifest>